3 \n
4 \n
5 \n
Found 4704 NEs. Expected 5931 NEs; Correct: 3640.

	 precision 	recall 		F1-Score
Total:	 0.773810	0.613724	0.684532
PER:	 0.757660	0.591948	0.664630
ORG:	 0.611855	0.478326	0.536913
LOC:	 0.876458	0.696292	0.776056
MISC:	 0.830065	0.689468	0.753262
6 \n
Found 4578 NEs. Expected 5931 NEs; Correct: 3487.

	 precision 	recall 		F1-Score
Total:	 0.761686	0.587928	0.663622
PER:	 0.739288	0.553863	0.633281
ORG:	 0.596439	0.450673	0.513410
LOC:	 0.865828	0.675573	0.758959
MISC:	 0.826087	0.680782	0.746429
7 \n
Found 4471 NEs. Expected 5931 NEs; Correct: 3324.

	 precision 	recall 		F1-Score
Total:	 0.743458	0.560445	0.639108
PER:	 0.725710	0.528292	0.611461
ORG:	 0.555338	0.423767	0.480712
LOC:	 0.857861	0.651581	0.740626
MISC:	 0.821975	0.641694	0.720732
8 \n
Found 4358 NEs. Expected 5931 NEs; Correct: 3207.

	 precision 	recall 		F1-Score
Total:	 0.735888	0.540718	0.623384
PER:	 0.717475	0.507073	0.594198
ORG:	 0.536906	0.396861	0.456382
LOC:	 0.856209	0.642857	0.734351
MISC:	 0.815296	0.613464	0.700124
9 \n
Found 4253 NEs. Expected 5931 NEs; Correct: 3088.

	 precision 	recall 		F1-Score
Total:	 0.726076	0.520654	0.606441
PER:	 0.693750	0.483134	0.569596
ORG:	 0.517857	0.368460	0.430568
LOC:	 0.858309	0.630862	0.727216
MISC:	 0.817236	0.597177	0.690088
10 \n
Found 4166 NEs. Expected 5931 NEs; Correct: 2990.

	 precision 	recall 		F1-Score
Total:	 0.717715	0.504131	0.592255
PER:	 0.683004	0.470076	0.556880
ORG:	 0.497802	0.338565	0.403025
LOC:	 0.857251	0.618866	0.718809
MISC:	 0.806597	0.584148	0.677582
